<?xml version="1.0" encoding="utf-8"?><testsuites name="pytest tests"><testsuite name="pytest" errors="0" failures="0" skipped="0" tests="6" time="2.175" timestamp="2026-02-21T19:33:53.810467+00:00" hostname="agent-env-1240ff58-b8ee-4ac1-bf4e-0fc0c78920e2"><testcase classname="tests.test_consent_and_gdpr.TestConsentClickwrap" name="test_register_without_consent_fails" time="0.383" /><testcase classname="tests.test_consent_and_gdpr.TestConsentClickwrap" name="test_register_without_consent_field_fails" time="0.157" /><testcase classname="tests.test_consent_and_gdpr.TestConsentClickwrap" name="test_register_with_consent_succeeds" time="0.434" /><testcase classname="tests.test_consent_and_gdpr.TestGDPRAccountDeletion" name="test_delete_account_removes_all_data" time="0.564" /><testcase classname="tests.test_consent_and_gdpr.TestGDPRAccountDeletion" name="test_delete_account_requires_auth" time="0.194" /><testcase classname="tests.test_consent_and_gdpr.TestExistingUserLogin" name="test_existing_user_login_no_consent_required" time="0.349" /></testsuite></testsuites>