<?xml version="1.0" encoding="utf-8"?><testsuites name="pytest tests"><testsuite name="pytest" errors="0" failures="0" skipped="0" tests="9" time="1.885" timestamp="2026-02-21T18:25:40.046848+00:00" hostname="agent-env-1240ff58-b8ee-4ac1-bf4e-0fc0c78920e2"><testcase classname="tests.test_auth_flow.TestHealthCheck" name="test_health_endpoint_returns_200" time="0.156" /><testcase classname="tests.test_auth_flow.TestAuthFlow" name="test_user_registration_success" time="0.360" /><testcase classname="tests.test_auth_flow.TestAuthFlow" name="test_duplicate_registration_returns_400" time="0.133" /><testcase classname="tests.test_auth_flow.TestAuthFlow" name="test_user_login_success" time="0.334" /><testcase classname="tests.test_auth_flow.TestAuthFlow" name="test_login_with_invalid_email_returns_401" time="0.150" /><testcase classname="tests.test_auth_flow.TestAuthFlow" name="test_login_with_invalid_password_returns_401" time="0.338" /><testcase classname="tests.test_auth_flow.TestAuthFlow" name="test_auth_me_with_valid_token" time="0.111" /><testcase classname="tests.test_auth_flow.TestAuthFlow" name="test_auth_me_without_token_returns_403" time="0.147" /><testcase classname="tests.test_auth_flow.TestAuthFlow" name="test_auth_me_with_invalid_token_returns_401" time="0.124" /></testsuite></testsuites>