<?xml version="1.0" encoding="utf-8"?><testsuites name="pytest tests"><testsuite name="pytest" errors="0" failures="0" skipped="0" tests="17" time="7.117" timestamp="2026-02-21T18:46:32.700384+00:00" hostname="agent-env-1240ff58-b8ee-4ac1-bf4e-0fc0c78920e2"><testcase classname="tests.test_auth_flow.TestHealthCheck" name="test_health_endpoint_returns_200" time="0.249" /><testcase classname="tests.test_auth_flow.TestAuthFlow" name="test_user_registration_success" time="0.473" /><testcase classname="tests.test_auth_flow.TestAuthFlow" name="test_duplicate_registration_returns_400" time="0.145" /><testcase classname="tests.test_auth_flow.TestAuthFlow" name="test_user_login_success" time="0.677" /><testcase classname="tests.test_auth_flow.TestAuthFlow" name="test_login_with_invalid_email_returns_401" time="0.218" /><testcase classname="tests.test_auth_flow.TestAuthFlow" name="test_login_with_invalid_password_returns_401" time="0.621" /><testcase classname="tests.test_auth_flow.TestAuthFlow" name="test_auth_me_with_valid_token" time="0.134" /><testcase classname="tests.test_auth_flow.TestAuthFlow" name="test_auth_me_without_token_returns_403" time="0.265" /><testcase classname="tests.test_auth_flow.TestAuthFlow" name="test_auth_me_with_invalid_token_returns_401" time="0.152" /><testcase classname="tests.test_subscription_flow.TestSubscriptionFlow" name="test_subscription_status_for_new_user" time="0.665" /><testcase classname="tests.test_subscription_flow.TestSubscriptionFlow" name="test_subscribe_to_premium_monthly" time="0.144" /><testcase classname="tests.test_subscription_flow.TestSubscriptionFlow" name="test_subscription_status_after_premium_upgrade" time="0.151" /><testcase classname="tests.test_subscription_flow.TestSubscriptionFlow" name="test_subscribe_to_premium_annual" time="0.770" /><testcase classname="tests.test_subscription_flow.TestSubscriptionFlow" name="test_cancel_subscription" time="0.218" /><testcase classname="tests.test_subscription_flow.TestSubscriptionFlow" name="test_invalid_plan_subscription_returns_400" time="0.214" /><testcase classname="tests.test_subscription_flow.TestRateLimiting" name="test_free_user_scan_limit_reached" time="0.991" /><testcase classname="tests.test_subscription_flow.TestRateLimiting" name="test_premium_user_high_scan_limit" time="0.798" /></testsuite></testsuites>