<?xml version="1.0" encoding="utf-8"?><testsuites name="pytest tests"><testsuite name="pytest" errors="0" failures="0" skipped="1" tests="11" time="6.185" timestamp="2026-02-21T19:09:44.576753+00:00" hostname="agent-env-1240ff58-b8ee-4ac1-bf4e-0fc0c78920e2"><testcase classname="tests.test_new_features_iteration3.TestStripePaymentEndpoints" name="test_checkout_creates_stripe_session_monthly" time="1.006" /><testcase classname="tests.test_new_features_iteration3.TestStripePaymentEndpoints" name="test_checkout_creates_stripe_session_annual" time="0.759" /><testcase classname="tests.test_new_features_iteration3.TestStripePaymentEndpoints" name="test_checkout_rejects_invalid_plan" time="0.413" /><testcase classname="tests.test_new_features_iteration3.TestStripePaymentEndpoints" name="test_payment_status_endpoint" time="0.627" /><testcase classname="tests.test_new_features_iteration3.TestStripePaymentEndpoints" name="test_webhook_stripe_endpoint_exists" time="0.141" /><testcase classname="tests.test_new_features_iteration3.TestReferralProgram" name="test_referral_info_returns_code" time="0.457" /><testcase classname="tests.test_new_features_iteration3.TestReferralProgram" name="test_apply_referral_code_gives_bonus" time="0.591" /><testcase classname="tests.test_new_features_iteration3.TestReferralProgram" name="test_apply_own_referral_code_rejected" time="0.472" /><testcase classname="tests.test_new_features_iteration3.TestReferralProgram" name="test_apply_referral_code_twice_rejected" time="0.785" /><testcase classname="tests.test_new_features_iteration3.TestSubscriptionCancel" name="test_cancel_subscription_downgrades_to_free" time="0.482"><skipped type="pytest.skip" message="Subscribe endpoint not available for test setup">/app/backend/tests/test_new_features_iteration3.py:321: Subscribe endpoint not available for test setup</skipped></testcase><testcase classname="tests.test_new_features_iteration3.TestNotificationSchedule" name="test_notification_schedule_returns_next_reset" time="0.406" /></testsuite></testsuites>