<?xml version="1.0" encoding="utf-8"?><testsuites name="pytest tests"><testsuite name="pytest" errors="0" failures="0" skipped="0" tests="8" time="2.672" timestamp="2026-02-21T18:45:57.979604+00:00" hostname="agent-env-1240ff58-b8ee-4ac1-bf4e-0fc0c78920e2"><testcase classname="tests.test_subscription_flow.TestSubscriptionFlow" name="test_subscription_status_for_new_user" time="0.507" /><testcase classname="tests.test_subscription_flow.TestSubscriptionFlow" name="test_subscribe_to_premium_monthly" time="0.118" /><testcase classname="tests.test_subscription_flow.TestSubscriptionFlow" name="test_subscription_status_after_premium_upgrade" time="0.151" /><testcase classname="tests.test_subscription_flow.TestSubscriptionFlow" name="test_subscribe_to_premium_annual" time="0.503" /><testcase classname="tests.test_subscription_flow.TestSubscriptionFlow" name="test_cancel_subscription" time="0.192" /><testcase classname="tests.test_subscription_flow.TestSubscriptionFlow" name="test_invalid_plan_subscription_returns_400" time="0.115" /><testcase classname="tests.test_subscription_flow.TestRateLimiting" name="test_free_user_scan_limit_reached" time="0.454" /><testcase classname="tests.test_subscription_flow.TestRateLimiting" name="test_premium_user_high_scan_limit" time="0.590" /></testsuite></testsuites>