<?xml version="1.0" encoding="utf-8"?><testsuites name="pytest tests"><testsuite name="pytest" errors="0" failures="5" skipped="0" tests="28" time="17.515" timestamp="2026-02-21T19:10:32.077849+00:00" hostname="agent-env-1240ff58-b8ee-4ac1-bf4e-0fc0c78920e2"><testcase classname="tests.test_auth_flow.TestHealthCheck" name="test_health_endpoint_returns_200" time="0.129" /><testcase classname="tests.test_auth_flow.TestAuthFlow" name="test_user_registration_success" time="0.613" /><testcase classname="tests.test_auth_flow.TestAuthFlow" name="test_duplicate_registration_returns_400" time="0.175" /><testcase classname="tests.test_auth_flow.TestAuthFlow" name="test_user_login_success" time="0.706" /><testcase classname="tests.test_auth_flow.TestAuthFlow" name="test_login_with_invalid_email_returns_401" time="0.192" /><testcase classname="tests.test_auth_flow.TestAuthFlow" name="test_login_with_invalid_password_returns_401" time="0.810" /><testcase classname="tests.test_auth_flow.TestAuthFlow" name="test_auth_me_with_valid_token" time="0.184" /><testcase classname="tests.test_auth_flow.TestAuthFlow" name="test_auth_me_without_token_returns_403" time="0.154" /><testcase classname="tests.test_auth_flow.TestAuthFlow" name="test_auth_me_with_invalid_token_returns_401" time="0.113" /><testcase classname="tests.test_new_features_iteration3.TestStripePaymentEndpoints" name="test_checkout_creates_stripe_session_monthly" time="1.283" /><testcase classname="tests.test_new_features_iteration3.TestStripePaymentEndpoints" name="test_checkout_creates_stripe_session_annual" time="1.346" /><testcase classname="tests.test_new_features_iteration3.TestStripePaymentEndpoints" name="test_checkout_rejects_invalid_plan" time="0.711" /><testcase classname="tests.test_new_features_iteration3.TestStripePaymentEndpoints" name="test_payment_status_endpoint" time="0.999" /><testcase classname="tests.test_new_features_iteration3.TestStripePaymentEndpoints" name="test_webhook_stripe_endpoint_exists" time="0.166" /><testcase classname="tests.test_new_features_iteration3.TestReferralProgram" name="test_referral_info_returns_code" time="0.915" /><testcase classname="tests.test_new_features_iteration3.TestReferralProgram" name="test_apply_referral_code_gives_bonus" time="0.855" /><testcase classname="tests.test_new_features_iteration3.TestReferralProgram" name="test_apply_own_referral_code_rejected" time="0.830" /><testcase classname="tests.test_new_features_iteration3.TestReferralProgram" name="test_apply_referral_code_twice_rejected" time="1.413" /><testcase classname="tests.test_new_features_iteration3.TestSubscriptionCancel" name="test_cancel_subscription_downgrades_to_free" time="1.103" /><testcase classname="tests.test_new_features_iteration3.TestNotificationSchedule" name="test_notification_schedule_returns_next_reset" time="0.857" /><testcase classname="tests.test_subscription_flow.TestSubscriptionFlow" name="test_subscription_status_for_new_user" time="0.747" /><testcase classname="tests.test_subscription_flow.TestSubscriptionFlow" name="test_subscribe_to_premium_monthly" time="0.169"><failure message="AssertionError: Expected 200, got 404: {&quot;detail&quot;:&quot;Not Found&quot;}&#10;assert 404 == 200&#10; +  where 404 = &lt;Response [404]&gt;.status_code">tests/test_subscription_flow.py:49: in test_subscribe_to_premium_monthly
    assert response.status_code == 200, f"Expected 200, got {response.status_code}: {response.text}"
E   AssertionError: Expected 200, got 404: {"detail":"Not Found"}
E   assert 404 == 200
E    +  where 404 = &lt;Response [404]&gt;.status_code</failure></testcase><testcase classname="tests.test_subscription_flow.TestSubscriptionFlow" name="test_subscription_status_after_premium_upgrade" time="0.191"><failure message="AssertionError: Expected 'premium_monthly', got free&#10;assert 'free' == 'premium_monthly'&#10;  &#10;  - premium_monthly&#10;  + free">tests/test_subscription_flow.py:71: in test_subscription_status_after_premium_upgrade
    assert data["plan"] == "premium_monthly", f"Expected 'premium_monthly', got {data['plan']}"
E   AssertionError: Expected 'premium_monthly', got free
E   assert 'free' == 'premium_monthly'
E     
E     - premium_monthly
E     + free</failure></testcase><testcase classname="tests.test_subscription_flow.TestSubscriptionFlow" name="test_subscribe_to_premium_annual" time="0.839"><failure message="AssertionError: Expected 200, got 404: {&quot;detail&quot;:&quot;Not Found&quot;}&#10;assert 404 == 200&#10; +  where 404 = &lt;Response [404]&gt;.status_code">tests/test_subscription_flow.py:95: in test_subscribe_to_premium_annual
    assert response.status_code == 200, f"Expected 200, got {response.status_code}: {response.text}"
E   AssertionError: Expected 200, got 404: {"detail":"Not Found"}
E   assert 404 == 200
E    +  where 404 = &lt;Response [404]&gt;.status_code</failure></testcase><testcase classname="tests.test_subscription_flow.TestSubscriptionFlow" name="test_cancel_subscription" time="0.273" /><testcase classname="tests.test_subscription_flow.TestSubscriptionFlow" name="test_invalid_plan_subscription_returns_400" time="0.146"><failure message="AssertionError: Expected 400 for invalid plan, got 404&#10;assert 404 == 400&#10; +  where 404 = &lt;Response [404]&gt;.status_code">tests/test_subscription_flow.py:143: in test_invalid_plan_subscription_returns_400
    assert response.status_code == 400, f"Expected 400 for invalid plan, got {response.status_code}"
E   AssertionError: Expected 400 for invalid plan, got 404
E   assert 404 == 400
E    +  where 404 = &lt;Response [404]&gt;.status_code</failure></testcase><testcase classname="tests.test_subscription_flow.TestRateLimiting" name="test_free_user_scan_limit_reached" time="0.672" /><testcase classname="tests.test_subscription_flow.TestRateLimiting" name="test_premium_user_high_scan_limit" time="0.757"><failure message="AssertionError: Subscription failed&#10;assert 404 == 200&#10; +  where 404 = &lt;Response [404]&gt;.status_code">tests/test_subscription_flow.py:225: in test_premium_user_high_scan_limit
    assert subscribe_response.status_code == 200, "Subscription failed"
E   AssertionError: Subscription failed
E   assert 404 == 200
E    +  where 404 = &lt;Response [404]&gt;.status_code</failure></testcase></testsuite></testsuites>